2024-05-09 13:24:02,382 DEBUG    root            Loaded Command Group: ['gcloud', 'components']
2024-05-09 13:24:02,385 DEBUG    root            Loaded Command Group: ['gcloud', 'components', 'update']
2024-05-09 13:24:02,388 DEBUG    root            Running [gcloud.components.update] with arguments: [--allow-no-backup: "True", --compile-python: "True", --quiet: "True", COMPONENT-IDS:6: "['core', 'gcloud-deps', 'bq', 'gcloud', 'gcloud-crc32c', 'gsutil']"]
2024-05-09 13:24:02,389 INFO     ___FILE_ONLY___ Beginning update. This process may take several minutes.

2024-05-09 13:24:02,412 DEBUG    urllib3.connectionpool Starting new HTTPS connection (1): dl.google.com:443
2024-05-09 13:24:02,526 DEBUG    urllib3.connectionpool https://dl.google.com:443 "GET /dl/cloudsdk/channels/rapid/components-2.json HTTP/1.1" 200 222652
2024-05-09 13:24:02,543 INFO     ___FILE_ONLY___ 

2024-05-09 13:24:02,543 INFO     ___FILE_ONLY___ 
Your current Google Cloud CLI version is: 475.0.0

2024-05-09 13:24:02,543 INFO     ___FILE_ONLY___ Installing components from version: 475.0.0

2024-05-09 13:24:02,544 INFO     ___FILE_ONLY___ 

2024-05-09 13:24:02,544 DEBUG    root            Chosen display Format:table[box,title="These components will be removed."](details.display_name:label=Name:align=left,version.version_string:label=Version:align=right,data.size.size(zero="",min=1048576):label=Size:align=right)
2024-05-09 13:24:02,544 DEBUG    root            Chosen display Format:table[box,title="These components will be updated."](details.display_name:label=Name:align=left,version.version_string:label=Version:align=right,data.size.size(zero="",min=1048576):label=Size:align=right)
2024-05-09 13:24:02,545 DEBUG    root            Chosen display Format:table[box,title="These components will be installed."](details.display_name:label=Name:align=left,version.version_string:label=Version:align=right,data.size.size(zero="",min=1048576):label=Size:align=right)
2024-05-09 13:24:02,671 INFO     ___FILE_ONLY___ ┌─────────────────────────────────────────────────────────────────────────────┐
2024-05-09 13:24:02,671 INFO     ___FILE_ONLY___ 

2024-05-09 13:24:02,671 INFO     ___FILE_ONLY___ │                     These components will be installed.                     │
2024-05-09 13:24:02,671 INFO     ___FILE_ONLY___ 

2024-05-09 13:24:02,672 INFO     ___FILE_ONLY___ ├─────────────────────────────────────────────────────┬────────────┬──────────┤
2024-05-09 13:24:02,672 INFO     ___FILE_ONLY___ 

2024-05-09 13:24:02,672 INFO     ___FILE_ONLY___ │                         Name                        │  Version   │   Size   │
2024-05-09 13:24:02,672 INFO     ___FILE_ONLY___ 

2024-05-09 13:24:02,672 INFO     ___FILE_ONLY___ ├─────────────────────────────────────────────────────┼────────────┼──────────┤
2024-05-09 13:24:02,672 INFO     ___FILE_ONLY___ 

2024-05-09 13:24:02,672 INFO     ___FILE_ONLY___ │ 
2024-05-09 13:24:02,672 INFO     ___FILE_ONLY___ BigQuery Command Line Tool                         
2024-05-09 13:24:02,672 INFO     ___FILE_ONLY___  
2024-05-09 13:24:02,672 INFO     ___FILE_ONLY___ │ 
2024-05-09 13:24:02,672 INFO     ___FILE_ONLY___      2.1.4
2024-05-09 13:24:02,672 INFO     ___FILE_ONLY___  
2024-05-09 13:24:02,672 INFO     ___FILE_ONLY___ │ 
2024-05-09 13:24:02,672 INFO     ___FILE_ONLY___  1.7 MiB
2024-05-09 13:24:02,672 INFO     ___FILE_ONLY___  
2024-05-09 13:24:02,672 INFO     ___FILE_ONLY___ │
2024-05-09 13:24:02,673 INFO     ___FILE_ONLY___ 

2024-05-09 13:24:02,673 INFO     ___FILE_ONLY___ │ 
2024-05-09 13:24:02,673 INFO     ___FILE_ONLY___ BigQuery Command Line Tool (Platform Specific)     
2024-05-09 13:24:02,673 INFO     ___FILE_ONLY___  
2024-05-09 13:24:02,673 INFO     ___FILE_ONLY___ │ 
2024-05-09 13:24:02,673 INFO     ___FILE_ONLY___    2.0.101
2024-05-09 13:24:02,673 INFO     ___FILE_ONLY___  
2024-05-09 13:24:02,673 INFO     ___FILE_ONLY___ │ 
2024-05-09 13:24:02,673 INFO     ___FILE_ONLY___  < 1 MiB
2024-05-09 13:24:02,673 INFO     ___FILE_ONLY___  
2024-05-09 13:24:02,673 INFO     ___FILE_ONLY___ │
2024-05-09 13:24:02,673 INFO     ___FILE_ONLY___ 

2024-05-09 13:24:02,673 INFO     ___FILE_ONLY___ │ 
2024-05-09 13:24:02,673 INFO     ___FILE_ONLY___ Bundled Python 3.11                                
2024-05-09 13:24:02,673 INFO     ___FILE_ONLY___  
2024-05-09 13:24:02,673 INFO     ___FILE_ONLY___ │ 
2024-05-09 13:24:02,674 INFO     ___FILE_ONLY___     3.11.8
2024-05-09 13:24:02,674 INFO     ___FILE_ONLY___  
2024-05-09 13:24:02,674 INFO     ___FILE_ONLY___ │ 
2024-05-09 13:24:02,674 INFO     ___FILE_ONLY___ 74.9 MiB
2024-05-09 13:24:02,674 INFO     ___FILE_ONLY___  
2024-05-09 13:24:02,674 INFO     ___FILE_ONLY___ │
2024-05-09 13:24:02,674 INFO     ___FILE_ONLY___ 

2024-05-09 13:24:02,674 INFO     ___FILE_ONLY___ │ 
2024-05-09 13:24:02,674 INFO     ___FILE_ONLY___ Cloud Storage Command Line Tool                    
2024-05-09 13:24:02,674 INFO     ___FILE_ONLY___  
2024-05-09 13:24:02,674 INFO     ___FILE_ONLY___ │ 
2024-05-09 13:24:02,674 INFO     ___FILE_ONLY___       5.27
2024-05-09 13:24:02,674 INFO     ___FILE_ONLY___  
2024-05-09 13:24:02,674 INFO     ___FILE_ONLY___ │ 
2024-05-09 13:24:02,674 INFO     ___FILE_ONLY___ 11.3 MiB
2024-05-09 13:24:02,674 INFO     ___FILE_ONLY___  
2024-05-09 13:24:02,674 INFO     ___FILE_ONLY___ │
2024-05-09 13:24:02,675 INFO     ___FILE_ONLY___ 

2024-05-09 13:24:02,675 INFO     ___FILE_ONLY___ │ 
2024-05-09 13:24:02,675 INFO     ___FILE_ONLY___ Cloud Storage Command Line Tool (Platform Specific)
2024-05-09 13:24:02,675 INFO     ___FILE_ONLY___  
2024-05-09 13:24:02,675 INFO     ___FILE_ONLY___ │ 
2024-05-09 13:24:02,675 INFO     ___FILE_ONLY___       5.27
2024-05-09 13:24:02,675 INFO     ___FILE_ONLY___  
2024-05-09 13:24:02,675 INFO     ___FILE_ONLY___ │ 
2024-05-09 13:24:02,675 INFO     ___FILE_ONLY___  < 1 MiB
2024-05-09 13:24:02,675 INFO     ___FILE_ONLY___  
2024-05-09 13:24:02,675 INFO     ___FILE_ONLY___ │
2024-05-09 13:24:02,675 INFO     ___FILE_ONLY___ 

2024-05-09 13:24:02,675 INFO     ___FILE_ONLY___ │ 
2024-05-09 13:24:02,675 INFO     ___FILE_ONLY___ Google Cloud CLI Core Libraries (Platform Specific)
2024-05-09 13:24:02,675 INFO     ___FILE_ONLY___  
2024-05-09 13:24:02,676 INFO     ___FILE_ONLY___ │ 
2024-05-09 13:24:02,676 INFO     ___FILE_ONLY___ 2024.01.06
2024-05-09 13:24:02,676 INFO     ___FILE_ONLY___  
2024-05-09 13:24:02,676 INFO     ___FILE_ONLY___ │ 
2024-05-09 13:24:02,676 INFO     ___FILE_ONLY___  < 1 MiB
2024-05-09 13:24:02,676 INFO     ___FILE_ONLY___  
2024-05-09 13:24:02,676 INFO     ___FILE_ONLY___ │
2024-05-09 13:24:02,676 INFO     ___FILE_ONLY___ 

2024-05-09 13:24:02,676 INFO     ___FILE_ONLY___ │ 
2024-05-09 13:24:02,676 INFO     ___FILE_ONLY___ Google Cloud CRC32C Hash Tool                      
2024-05-09 13:24:02,676 INFO     ___FILE_ONLY___  
2024-05-09 13:24:02,676 INFO     ___FILE_ONLY___ │ 
2024-05-09 13:24:02,676 INFO     ___FILE_ONLY___      1.0.0
2024-05-09 13:24:02,676 INFO     ___FILE_ONLY___  
2024-05-09 13:24:02,676 INFO     ___FILE_ONLY___ │ 
2024-05-09 13:24:02,676 INFO     ___FILE_ONLY___  1.2 MiB
2024-05-09 13:24:02,676 INFO     ___FILE_ONLY___  
2024-05-09 13:24:02,677 INFO     ___FILE_ONLY___ │
2024-05-09 13:24:02,677 INFO     ___FILE_ONLY___ 

2024-05-09 13:24:02,677 INFO     ___FILE_ONLY___ │ 
2024-05-09 13:24:02,677 INFO     ___FILE_ONLY___ gcloud cli dependencies                            
2024-05-09 13:24:02,677 INFO     ___FILE_ONLY___  
2024-05-09 13:24:02,677 INFO     ___FILE_ONLY___ │ 
2024-05-09 13:24:02,677 INFO     ___FILE_ONLY___ 2021.04.16
2024-05-09 13:24:02,677 INFO     ___FILE_ONLY___  
2024-05-09 13:24:02,677 INFO     ___FILE_ONLY___ │ 
2024-05-09 13:24:02,677 INFO     ___FILE_ONLY___  < 1 MiB
2024-05-09 13:24:02,677 INFO     ___FILE_ONLY___  
2024-05-09 13:24:02,677 INFO     ___FILE_ONLY___ │
2024-05-09 13:24:02,677 INFO     ___FILE_ONLY___ 

2024-05-09 13:24:02,677 INFO     ___FILE_ONLY___ └─────────────────────────────────────────────────────┴────────────┴──────────┘
2024-05-09 13:24:02,677 INFO     ___FILE_ONLY___ 

2024-05-09 13:24:02,677 INFO     ___FILE_ONLY___ 

2024-05-09 13:24:02,681 DEBUG    urllib3.connectionpool Starting new HTTPS connection (1): dl.google.com:443
2024-05-09 13:24:02,799 DEBUG    urllib3.connectionpool https://dl.google.com:443 "GET /dl/cloudsdk/channels/rapid/RELEASE_NOTES HTTP/1.1" 200 1203742
2024-05-09 13:24:02,831 INFO     ___FILE_ONLY___ For the latest full release notes, please visit:
  https://cloud.google.com/sdk/release_notes


2024-05-09 13:24:02,834 INFO     ___FILE_ONLY___ ╔════════════════════════════════════════════════════════════╗

2024-05-09 13:24:02,834 INFO     ___FILE_ONLY___ ╠═ Creating update staging area                             ═╣

2024-05-09 13:24:02,834 INFO     ___FILE_ONLY___ ╚
2024-05-09 13:24:02,834 INFO     ___FILE_ONLY___ ══════
2024-05-09 13:24:02,834 INFO     ___FILE_ONLY___ ══════
2024-05-09 13:24:02,834 INFO     ___FILE_ONLY___ ══════
2024-05-09 13:24:03,019 INFO     ___FILE_ONLY___ ═
2024-05-09 13:24:03,060 INFO     ___FILE_ONLY___ ═
2024-05-09 13:24:03,093 INFO     ___FILE_ONLY___ ═
2024-05-09 13:24:03,124 INFO     ___FILE_ONLY___ ═
2024-05-09 13:24:03,157 INFO     ___FILE_ONLY___ ═
2024-05-09 13:24:03,189 INFO     ___FILE_ONLY___ ═
2024-05-09 13:24:03,224 INFO     ___FILE_ONLY___ ═
2024-05-09 13:24:03,258 INFO     ___FILE_ONLY___ ═
2024-05-09 13:24:03,297 INFO     ___FILE_ONLY___ ═
2024-05-09 13:24:03,421 INFO     ___FILE_ONLY___ ═
2024-05-09 13:24:03,492 INFO     ___FILE_ONLY___ ═
2024-05-09 13:24:03,613 INFO     ___FILE_ONLY___ ═
2024-05-09 13:24:03,748 INFO     ___FILE_ONLY___ ═
2024-05-09 13:24:03,797 INFO     ___FILE_ONLY___ ═
2024-05-09 13:24:03,859 INFO     ___FILE_ONLY___ ═
2024-05-09 13:24:03,918 INFO     ___FILE_ONLY___ ═
2024-05-09 13:24:03,969 INFO     ___FILE_ONLY___ ═
2024-05-09 13:24:04,023 INFO     ___FILE_ONLY___ ═
2024-05-09 13:24:04,074 INFO     ___FILE_ONLY___ ═
2024-05-09 13:24:04,131 INFO     ___FILE_ONLY___ ═
2024-05-09 13:24:04,190 INFO     ___FILE_ONLY___ ═
2024-05-09 13:24:04,237 INFO     ___FILE_ONLY___ ═
2024-05-09 13:24:04,302 INFO     ___FILE_ONLY___ ═
2024-05-09 13:24:04,374 INFO     ___FILE_ONLY___ ═
2024-05-09 13:24:04,433 INFO     ___FILE_ONLY___ ═
2024-05-09 13:24:04,498 INFO     ___FILE_ONLY___ ═
2024-05-09 13:24:04,548 INFO     ___FILE_ONLY___ ═
2024-05-09 13:24:04,611 INFO     ___FILE_ONLY___ ═
2024-05-09 13:24:04,662 INFO     ___FILE_ONLY___ ═
2024-05-09 13:24:04,718 INFO     ___FILE_ONLY___ ═
2024-05-09 13:24:04,764 INFO     ___FILE_ONLY___ ═
2024-05-09 13:24:04,812 INFO     ___FILE_ONLY___ ═
2024-05-09 13:24:04,857 INFO     ___FILE_ONLY___ ═
2024-05-09 13:24:04,907 INFO     ___FILE_ONLY___ ═
2024-05-09 13:24:04,969 INFO     ___FILE_ONLY___ ═
2024-05-09 13:24:05,013 INFO     ___FILE_ONLY___ ═
2024-05-09 13:24:05,068 INFO     ___FILE_ONLY___ ═
2024-05-09 13:24:05,119 INFO     ___FILE_ONLY___ ═
2024-05-09 13:24:05,174 INFO     ___FILE_ONLY___ ═
2024-05-09 13:24:05,213 INFO     ___FILE_ONLY___ ═
2024-05-09 13:24:05,267 INFO     ___FILE_ONLY___ ═
2024-05-09 13:24:05,319 INFO     ___FILE_ONLY___ ═
2024-05-09 13:24:05,319 INFO     ___FILE_ONLY___ ╝

2024-05-09 13:24:05,467 INFO     ___FILE_ONLY___ ╔════════════════════════════════════════════════════════════╗

2024-05-09 13:24:05,468 INFO     ___FILE_ONLY___ ╠═ Installing: BigQuery Command Line Tool                   ═╣

2024-05-09 13:24:05,468 INFO     ___FILE_ONLY___ ╚
2024-05-09 13:24:05,471 DEBUG    urllib3.connectionpool Starting new HTTPS connection (1): dl.google.com:443
2024-05-09 13:24:05,542 DEBUG    urllib3.connectionpool https://dl.google.com:443 "GET /dl/cloudsdk/channels/rapid/components/google-cloud-sdk-bq-20240412130805.tar.gz HTTP/1.1" 200 1746678
2024-05-09 13:24:05,552 INFO     ___FILE_ONLY___ ═
2024-05-09 13:24:05,552 INFO     ___FILE_ONLY___ ═
2024-05-09 13:24:05,552 INFO     ___FILE_ONLY___ ═
2024-05-09 13:24:05,552 INFO     ___FILE_ONLY___ ═
2024-05-09 13:24:05,553 INFO     ___FILE_ONLY___ ═
2024-05-09 13:24:05,553 INFO     ___FILE_ONLY___ ═
2024-05-09 13:24:05,553 INFO     ___FILE_ONLY___ ═
2024-05-09 13:24:05,553 INFO     ___FILE_ONLY___ ═
2024-05-09 13:24:05,553 INFO     ___FILE_ONLY___ ═
2024-05-09 13:24:05,553 INFO     ___FILE_ONLY___ ═
2024-05-09 13:24:05,553 INFO     ___FILE_ONLY___ ═
2024-05-09 13:24:05,553 INFO     ___FILE_ONLY___ ═
2024-05-09 13:24:05,554 INFO     ___FILE_ONLY___ ═
2024-05-09 13:24:05,554 INFO     ___FILE_ONLY___ ═
2024-05-09 13:24:05,554 INFO     ___FILE_ONLY___ ═
2024-05-09 13:24:05,554 INFO     ___FILE_ONLY___ ═
2024-05-09 13:24:05,554 INFO     ___FILE_ONLY___ ═
2024-05-09 13:24:05,554 INFO     ___FILE_ONLY___ ═
2024-05-09 13:24:05,554 INFO     ___FILE_ONLY___ ═
2024-05-09 13:24:05,554 INFO     ___FILE_ONLY___ ═
2024-05-09 13:24:05,555 INFO     ___FILE_ONLY___ ═
2024-05-09 13:24:05,555 INFO     ___FILE_ONLY___ ═
2024-05-09 13:24:05,555 INFO     ___FILE_ONLY___ ═
2024-05-09 13:24:05,555 INFO     ___FILE_ONLY___ ═
2024-05-09 13:24:05,555 INFO     ___FILE_ONLY___ ═
2024-05-09 13:24:05,555 INFO     ___FILE_ONLY___ ═
2024-05-09 13:24:05,555 INFO     ___FILE_ONLY___ ═
2024-05-09 13:24:05,556 INFO     ___FILE_ONLY___ ═
2024-05-09 13:24:05,556 INFO     ___FILE_ONLY___ ═
2024-05-09 13:24:05,556 INFO     ___FILE_ONLY___ ═
2024-05-09 13:24:05,677 INFO     ___FILE_ONLY___ ═
2024-05-09 13:24:05,682 INFO     ___FILE_ONLY___ ═
2024-05-09 13:24:05,686 INFO     ___FILE_ONLY___ ═
2024-05-09 13:24:05,691 INFO     ___FILE_ONLY___ ═
2024-05-09 13:24:05,694 INFO     ___FILE_ONLY___ ═
2024-05-09 13:24:05,698 INFO     ___FILE_ONLY___ ═
2024-05-09 13:24:05,702 INFO     ___FILE_ONLY___ ═
2024-05-09 13:24:05,706 INFO     ___FILE_ONLY___ ═
2024-05-09 13:24:05,711 INFO     ___FILE_ONLY___ ═
2024-05-09 13:24:05,715 INFO     ___FILE_ONLY___ ═
2024-05-09 13:24:05,719 INFO     ___FILE_ONLY___ ═
2024-05-09 13:24:05,723 INFO     ___FILE_ONLY___ ═
2024-05-09 13:24:05,727 INFO     ___FILE_ONLY___ ═
2024-05-09 13:24:05,732 INFO     ___FILE_ONLY___ ═
2024-05-09 13:24:05,736 INFO     ___FILE_ONLY___ ═
2024-05-09 13:24:05,740 INFO     ___FILE_ONLY___ ═
2024-05-09 13:24:05,745 INFO     ___FILE_ONLY___ ═
2024-05-09 13:24:05,749 INFO     ___FILE_ONLY___ ═
2024-05-09 13:24:05,756 INFO     ___FILE_ONLY___ ═
2024-05-09 13:24:05,760 INFO     ___FILE_ONLY___ ═
2024-05-09 13:24:05,765 INFO     ___FILE_ONLY___ ═
2024-05-09 13:24:05,770 INFO     ___FILE_ONLY___ ═
2024-05-09 13:24:05,774 INFO     ___FILE_ONLY___ ═
2024-05-09 13:24:05,778 INFO     ___FILE_ONLY___ ═
2024-05-09 13:24:05,782 INFO     ___FILE_ONLY___ ═
2024-05-09 13:24:05,785 INFO     ___FILE_ONLY___ ═
2024-05-09 13:24:05,790 INFO     ___FILE_ONLY___ ═
2024-05-09 13:24:05,793 INFO     ___FILE_ONLY___ ═
2024-05-09 13:24:05,797 INFO     ___FILE_ONLY___ ═
2024-05-09 13:24:05,801 INFO     ___FILE_ONLY___ ═
2024-05-09 13:24:05,801 INFO     ___FILE_ONLY___ ╝

2024-05-09 13:24:05,815 INFO     ___FILE_ONLY___ ╔════════════════════════════════════════════════════════════╗

2024-05-09 13:24:05,815 INFO     ___FILE_ONLY___ ╠═ Installing: BigQuery Command Line Tool (Platform Spec... ═╣

2024-05-09 13:24:05,815 INFO     ___FILE_ONLY___ ╚
2024-05-09 13:24:05,819 DEBUG    urllib3.connectionpool Starting new HTTPS connection (1): dl.google.com:443
2024-05-09 13:24:05,936 DEBUG    urllib3.connectionpool https://dl.google.com:443 "GET /dl/cloudsdk/channels/rapid/components/google-cloud-sdk-bq-nix-20240106004423.tar.gz HTTP/1.1" 200 2026
2024-05-09 13:24:05,937 INFO     ___FILE_ONLY___ ══════════════════════════════
2024-05-09 13:24:05,938 INFO     ___FILE_ONLY___ ══════════════════════════════
2024-05-09 13:24:05,938 INFO     ___FILE_ONLY___ ╝

2024-05-09 13:24:05,947 INFO     ___FILE_ONLY___ ╔════════════════════════════════════════════════════════════╗

2024-05-09 13:24:05,947 INFO     ___FILE_ONLY___ ╠═ Installing: Bundled Python 3.11                          ═╣

2024-05-09 13:24:05,947 INFO     ___FILE_ONLY___ ╚
2024-05-09 13:24:05,951 INFO     ___FILE_ONLY___ ════════════════════════════════════════════════════════════
2024-05-09 13:24:05,951 INFO     ___FILE_ONLY___ ╝

2024-05-09 13:24:05,953 INFO     ___FILE_ONLY___ ╔════════════════════════════════════════════════════════════╗

2024-05-09 13:24:05,953 INFO     ___FILE_ONLY___ ╠═ Installing: Bundled Python 3.11                          ═╣

2024-05-09 13:24:05,953 INFO     ___FILE_ONLY___ ╚
2024-05-09 13:24:05,957 DEBUG    urllib3.connectionpool Starting new HTTPS connection (1): dl.google.com:443
2024-05-09 13:24:06,074 DEBUG    urllib3.connectionpool https://dl.google.com:443 "GET /dl/cloudsdk/channels/rapid/components/google-cloud-sdk-bundled-python3-unix-linux-x86_64-20240229170130.tar.gz HTTP/1.1" 200 78486918
2024-05-09 13:24:06,353 INFO     ___FILE_ONLY___ ═
2024-05-09 13:24:06,356 INFO     ___FILE_ONLY___ ═
2024-05-09 13:24:06,358 INFO     ___FILE_ONLY___ ═
2024-05-09 13:24:06,361 INFO     ___FILE_ONLY___ ═
2024-05-09 13:24:06,364 INFO     ___FILE_ONLY___ ═
2024-05-09 13:24:06,367 INFO     ___FILE_ONLY___ ═
2024-05-09 13:24:06,369 INFO     ___FILE_ONLY___ ═
2024-05-09 13:24:06,372 INFO     ___FILE_ONLY___ ═
2024-05-09 13:24:06,375 INFO     ___FILE_ONLY___ ═
2024-05-09 13:24:06,377 INFO     ___FILE_ONLY___ ═
2024-05-09 13:24:06,380 INFO     ___FILE_ONLY___ ═
2024-05-09 13:24:06,383 INFO     ___FILE_ONLY___ ═
2024-05-09 13:24:06,386 INFO     ___FILE_ONLY___ ═
2024-05-09 13:24:06,389 INFO     ___FILE_ONLY___ ═
2024-05-09 13:24:06,392 INFO     ___FILE_ONLY___ ═
2024-05-09 13:24:06,394 INFO     ___FILE_ONLY___ ═
2024-05-09 13:24:06,397 INFO     ___FILE_ONLY___ ═
2024-05-09 13:24:06,400 INFO     ___FILE_ONLY___ ═
2024-05-09 13:24:06,403 INFO     ___FILE_ONLY___ ═
2024-05-09 13:24:06,405 INFO     ___FILE_ONLY___ ═
2024-05-09 13:24:06,408 INFO     ___FILE_ONLY___ ═
2024-05-09 13:24:06,411 INFO     ___FILE_ONLY___ ═
2024-05-09 13:24:06,413 INFO     ___FILE_ONLY___ ═
2024-05-09 13:24:06,416 INFO     ___FILE_ONLY___ ═
2024-05-09 13:24:06,419 INFO     ___FILE_ONLY___ ═
2024-05-09 13:24:06,422 INFO     ___FILE_ONLY___ ═
2024-05-09 13:24:06,425 INFO     ___FILE_ONLY___ ═
2024-05-09 13:24:06,427 INFO     ___FILE_ONLY___ ═
2024-05-09 13:24:06,430 INFO     ___FILE_ONLY___ ═
2024-05-09 13:24:06,433 INFO     ___FILE_ONLY___ ═
2024-05-09 13:24:08,625 INFO     ___FILE_ONLY___ ═
2024-05-09 13:24:08,649 INFO     ___FILE_ONLY___ ═
2024-05-09 13:24:08,673 INFO     ___FILE_ONLY___ ═
2024-05-09 13:24:08,697 INFO     ___FILE_ONLY___ ═
2024-05-09 13:24:08,721 INFO     ___FILE_ONLY___ ═
2024-05-09 13:24:08,745 INFO     ___FILE_ONLY___ ═
2024-05-09 13:24:08,768 INFO     ___FILE_ONLY___ ═
2024-05-09 13:24:08,790 INFO     ___FILE_ONLY___ ═
2024-05-09 13:24:08,814 INFO     ___FILE_ONLY___ ═
2024-05-09 13:24:08,838 INFO     ___FILE_ONLY___ ═
2024-05-09 13:24:08,861 INFO     ___FILE_ONLY___ ═
2024-05-09 13:24:08,885 INFO     ___FILE_ONLY___ ═
2024-05-09 13:24:08,908 INFO     ___FILE_ONLY___ ═
2024-05-09 13:24:08,931 INFO     ___FILE_ONLY___ ═
2024-05-09 13:24:08,955 INFO     ___FILE_ONLY___ ═
2024-05-09 13:24:08,979 INFO     ___FILE_ONLY___ ═
2024-05-09 13:24:09,004 INFO     ___FILE_ONLY___ ═
2024-05-09 13:24:09,418 INFO     ___FILE_ONLY___ ═
2024-05-09 13:24:09,453 INFO     ___FILE_ONLY___ ═
2024-05-09 13:24:09,503 INFO     ___FILE_ONLY___ ═
2024-05-09 13:24:09,540 INFO     ___FILE_ONLY___ ═
2024-05-09 13:24:09,691 INFO     ___FILE_ONLY___ ═
2024-05-09 13:24:09,824 INFO     ___FILE_ONLY___ ═
2024-05-09 13:24:09,862 INFO     ___FILE_ONLY___ ═
2024-05-09 13:24:09,901 INFO     ___FILE_ONLY___ ═
2024-05-09 13:24:09,968 INFO     ___FILE_ONLY___ ═
2024-05-09 13:24:10,002 INFO     ___FILE_ONLY___ ═
2024-05-09 13:24:10,046 INFO     ___FILE_ONLY___ ═
2024-05-09 13:24:11,144 INFO     ___FILE_ONLY___ ═
2024-05-09 13:24:11,173 INFO     ___FILE_ONLY___ ═
2024-05-09 13:24:11,174 INFO     ___FILE_ONLY___ ╝

2024-05-09 13:24:11,252 INFO     ___FILE_ONLY___ ╔════════════════════════════════════════════════════════════╗

2024-05-09 13:24:11,253 INFO     ___FILE_ONLY___ ╠═ Installing: Cloud Storage Command Line Tool              ═╣

2024-05-09 13:24:11,253 INFO     ___FILE_ONLY___ ╚
2024-05-09 13:24:11,256 DEBUG    urllib3.connectionpool Starting new HTTPS connection (1): dl.google.com:443
2024-05-09 13:24:11,373 DEBUG    urllib3.connectionpool https://dl.google.com:443 "GET /dl/cloudsdk/channels/rapid/components/google-cloud-sdk-gsutil-20231025210228.tar.gz HTTP/1.1" 200 11833901
2024-05-09 13:24:11,419 INFO     ___FILE_ONLY___ ═
2024-05-09 13:24:11,420 INFO     ___FILE_ONLY___ ═
2024-05-09 13:24:11,420 INFO     ___FILE_ONLY___ ═
2024-05-09 13:24:11,421 INFO     ___FILE_ONLY___ ═
2024-05-09 13:24:11,421 INFO     ___FILE_ONLY___ ═
2024-05-09 13:24:11,422 INFO     ___FILE_ONLY___ ═
2024-05-09 13:24:11,422 INFO     ___FILE_ONLY___ ═
2024-05-09 13:24:11,423 INFO     ___FILE_ONLY___ ═
2024-05-09 13:24:11,423 INFO     ___FILE_ONLY___ ═
2024-05-09 13:24:11,424 INFO     ___FILE_ONLY___ ═
2024-05-09 13:24:11,424 INFO     ___FILE_ONLY___ ═
2024-05-09 13:24:11,425 INFO     ___FILE_ONLY___ ═
2024-05-09 13:24:11,425 INFO     ___FILE_ONLY___ ═
2024-05-09 13:24:11,426 INFO     ___FILE_ONLY___ ═
2024-05-09 13:24:11,426 INFO     ___FILE_ONLY___ ═
2024-05-09 13:24:11,427 INFO     ___FILE_ONLY___ ═
2024-05-09 13:24:11,427 INFO     ___FILE_ONLY___ ═
2024-05-09 13:24:11,428 INFO     ___FILE_ONLY___ ═
2024-05-09 13:24:11,428 INFO     ___FILE_ONLY___ ═
2024-05-09 13:24:11,429 INFO     ___FILE_ONLY___ ═
2024-05-09 13:24:11,429 INFO     ___FILE_ONLY___ ═
2024-05-09 13:24:11,429 INFO     ___FILE_ONLY___ ═
2024-05-09 13:24:11,430 INFO     ___FILE_ONLY___ ═
2024-05-09 13:24:11,430 INFO     ___FILE_ONLY___ ═
2024-05-09 13:24:11,431 INFO     ___FILE_ONLY___ ═
2024-05-09 13:24:11,431 INFO     ___FILE_ONLY___ ═
2024-05-09 13:24:11,432 INFO     ___FILE_ONLY___ ═
2024-05-09 13:24:11,432 INFO     ___FILE_ONLY___ ═
2024-05-09 13:24:11,433 INFO     ___FILE_ONLY___ ═
2024-05-09 13:24:11,433 INFO     ___FILE_ONLY___ ═
2024-05-09 13:24:12,107 INFO     ___FILE_ONLY___ ═
2024-05-09 13:24:12,142 INFO     ___FILE_ONLY___ ═
2024-05-09 13:24:12,169 INFO     ___FILE_ONLY___ ═
2024-05-09 13:24:12,195 INFO     ___FILE_ONLY___ ═
2024-05-09 13:24:12,220 INFO     ___FILE_ONLY___ ═
2024-05-09 13:24:12,245 INFO     ___FILE_ONLY___ ═
2024-05-09 13:24:12,264 INFO     ___FILE_ONLY___ ═
2024-05-09 13:24:12,280 INFO     ___FILE_ONLY___ ═
2024-05-09 13:24:12,300 INFO     ___FILE_ONLY___ ═
2024-05-09 13:24:12,320 INFO     ___FILE_ONLY___ ═
2024-05-09 13:24:12,340 INFO     ___FILE_ONLY___ ═
2024-05-09 13:24:12,358 INFO     ___FILE_ONLY___ ═
2024-05-09 13:24:12,388 INFO     ___FILE_ONLY___ ═
2024-05-09 13:24:12,409 INFO     ___FILE_ONLY___ ═
2024-05-09 13:24:12,441 INFO     ___FILE_ONLY___ ═
2024-05-09 13:24:12,469 INFO     ___FILE_ONLY___ ═
2024-05-09 13:24:12,497 INFO     ___FILE_ONLY___ ═
2024-05-09 13:24:12,526 INFO     ___FILE_ONLY___ ═
2024-05-09 13:24:12,546 INFO     ___FILE_ONLY___ ═
2024-05-09 13:24:12,569 INFO     ___FILE_ONLY___ ═
2024-05-09 13:24:12,590 INFO     ___FILE_ONLY___ ═
2024-05-09 13:24:12,611 INFO     ___FILE_ONLY___ ═
2024-05-09 13:24:12,632 INFO     ___FILE_ONLY___ ═
2024-05-09 13:24:12,654 INFO     ___FILE_ONLY___ ═
2024-05-09 13:24:12,673 INFO     ___FILE_ONLY___ ═
2024-05-09 13:24:12,720 INFO     ___FILE_ONLY___ ═
2024-05-09 13:24:12,745 INFO     ___FILE_ONLY___ ═
2024-05-09 13:24:12,770 INFO     ___FILE_ONLY___ ═
2024-05-09 13:24:12,798 INFO     ___FILE_ONLY___ ═
2024-05-09 13:24:12,818 INFO     ___FILE_ONLY___ ═
2024-05-09 13:24:12,819 INFO     ___FILE_ONLY___ ╝

2024-05-09 13:24:12,871 INFO     ___FILE_ONLY___ ╔════════════════════════════════════════════════════════════╗

2024-05-09 13:24:12,871 INFO     ___FILE_ONLY___ ╠═ Installing: Cloud Storage Command Line Tool (Platform... ═╣

2024-05-09 13:24:12,871 INFO     ___FILE_ONLY___ ╚
2024-05-09 13:24:12,874 DEBUG    urllib3.connectionpool Starting new HTTPS connection (1): dl.google.com:443
2024-05-09 13:24:12,942 DEBUG    urllib3.connectionpool https://dl.google.com:443 "GET /dl/cloudsdk/channels/rapid/components/google-cloud-sdk-gsutil-nix-20240106004423.tar.gz HTTP/1.1" 200 2042
2024-05-09 13:24:12,942 INFO     ___FILE_ONLY___ ══════════════════════════════
2024-05-09 13:24:12,943 INFO     ___FILE_ONLY___ ══════════════════════════════
2024-05-09 13:24:12,944 INFO     ___FILE_ONLY___ ╝

2024-05-09 13:24:12,951 INFO     ___FILE_ONLY___ ╔════════════════════════════════════════════════════════════╗

2024-05-09 13:24:12,951 INFO     ___FILE_ONLY___ ╠═ Installing: Default set of gcloud commands               ═╣

2024-05-09 13:24:12,951 INFO     ___FILE_ONLY___ ╚
2024-05-09 13:24:12,956 INFO     ___FILE_ONLY___ ════════════════════════════════════════════════════════════
2024-05-09 13:24:12,956 INFO     ___FILE_ONLY___ ╝

2024-05-09 13:24:12,958 INFO     ___FILE_ONLY___ ╔════════════════════════════════════════════════════════════╗

2024-05-09 13:24:12,958 INFO     ___FILE_ONLY___ ╠═ Installing: Google Cloud CLI Core Libraries (Platform... ═╣

2024-05-09 13:24:12,958 INFO     ___FILE_ONLY___ ╚
2024-05-09 13:24:12,961 DEBUG    urllib3.connectionpool Starting new HTTPS connection (1): dl.google.com:443
2024-05-09 13:24:13,076 DEBUG    urllib3.connectionpool https://dl.google.com:443 "GET /dl/cloudsdk/channels/rapid/components/google-cloud-sdk-core-nix-20240106004423.tar.gz HTTP/1.1" 200 2410
2024-05-09 13:24:13,077 INFO     ___FILE_ONLY___ ══════════════════════════════
2024-05-09 13:24:13,078 INFO     ___FILE_ONLY___ ═══════════════
2024-05-09 13:24:13,078 INFO     ___FILE_ONLY___ ═══════════════
2024-05-09 13:24:13,078 INFO     ___FILE_ONLY___ ╝

2024-05-09 13:24:13,087 INFO     ___FILE_ONLY___ ╔════════════════════════════════════════════════════════════╗

2024-05-09 13:24:13,087 INFO     ___FILE_ONLY___ ╠═ Installing: Google Cloud CRC32C Hash Tool                ═╣

2024-05-09 13:24:13,087 INFO     ___FILE_ONLY___ ╚
2024-05-09 13:24:13,091 INFO     ___FILE_ONLY___ ════════════════════════════════════════════════════════════
2024-05-09 13:24:13,091 INFO     ___FILE_ONLY___ ╝

2024-05-09 13:24:13,093 INFO     ___FILE_ONLY___ ╔════════════════════════════════════════════════════════════╗

2024-05-09 13:24:13,093 INFO     ___FILE_ONLY___ ╠═ Installing: Google Cloud CRC32C Hash Tool                ═╣

2024-05-09 13:24:13,093 INFO     ___FILE_ONLY___ ╚
2024-05-09 13:24:13,097 DEBUG    urllib3.connectionpool Starting new HTTPS connection (1): dl.google.com:443
2024-05-09 13:24:13,213 DEBUG    urllib3.connectionpool https://dl.google.com:443 "GET /dl/cloudsdk/channels/rapid/components/google-cloud-sdk-gcloud-crc32c-linux-x86_64-20231215195722.tar.gz HTTP/1.1" 200 1287877
2024-05-09 13:24:13,221 INFO     ___FILE_ONLY___ ═
2024-05-09 13:24:13,221 INFO     ___FILE_ONLY___ ═
2024-05-09 13:24:13,221 INFO     ___FILE_ONLY___ ═
2024-05-09 13:24:13,222 INFO     ___FILE_ONLY___ ═
2024-05-09 13:24:13,222 INFO     ___FILE_ONLY___ ═
2024-05-09 13:24:13,222 INFO     ___FILE_ONLY___ ═
2024-05-09 13:24:13,222 INFO     ___FILE_ONLY___ ═
2024-05-09 13:24:13,222 INFO     ___FILE_ONLY___ ═
2024-05-09 13:24:13,222 INFO     ___FILE_ONLY___ ═
2024-05-09 13:24:13,222 INFO     ___FILE_ONLY___ ═
2024-05-09 13:24:13,222 INFO     ___FILE_ONLY___ ═
2024-05-09 13:24:13,222 INFO     ___FILE_ONLY___ ═
2024-05-09 13:24:13,223 INFO     ___FILE_ONLY___ ═
2024-05-09 13:24:13,223 INFO     ___FILE_ONLY___ ═
2024-05-09 13:24:13,223 INFO     ___FILE_ONLY___ ═
2024-05-09 13:24:13,223 INFO     ___FILE_ONLY___ ═
2024-05-09 13:24:13,223 INFO     ___FILE_ONLY___ ═
2024-05-09 13:24:13,223 INFO     ___FILE_ONLY___ ═
2024-05-09 13:24:13,223 INFO     ___FILE_ONLY___ ═
2024-05-09 13:24:13,223 INFO     ___FILE_ONLY___ ═
2024-05-09 13:24:13,223 INFO     ___FILE_ONLY___ ═
2024-05-09 13:24:13,224 INFO     ___FILE_ONLY___ ═
2024-05-09 13:24:13,224 INFO     ___FILE_ONLY___ ═
2024-05-09 13:24:13,224 INFO     ___FILE_ONLY___ ═
2024-05-09 13:24:13,224 INFO     ___FILE_ONLY___ ═
2024-05-09 13:24:13,224 INFO     ___FILE_ONLY___ ═
2024-05-09 13:24:13,224 INFO     ___FILE_ONLY___ ═
2024-05-09 13:24:13,224 INFO     ___FILE_ONLY___ ═
2024-05-09 13:24:13,224 INFO     ___FILE_ONLY___ ═
2024-05-09 13:24:13,224 INFO     ___FILE_ONLY___ ═
2024-05-09 13:24:13,258 INFO     ___FILE_ONLY___ ═══════════════
2024-05-09 13:24:13,258 INFO     ___FILE_ONLY___ ═══════════════
2024-05-09 13:24:13,258 INFO     ___FILE_ONLY___ ╝

2024-05-09 13:24:13,266 INFO     ___FILE_ONLY___ ╔════════════════════════════════════════════════════════════╗

2024-05-09 13:24:13,266 INFO     ___FILE_ONLY___ ╠═ Installing: gcloud cli dependencies                      ═╣

2024-05-09 13:24:13,266 INFO     ___FILE_ONLY___ ╚
2024-05-09 13:24:13,270 DEBUG    urllib3.connectionpool Starting new HTTPS connection (1): dl.google.com:443
2024-05-09 13:24:13,338 DEBUG    urllib3.connectionpool https://dl.google.com:443 "GET /dl/cloudsdk/channels/rapid/components/google-cloud-sdk-gcloud-deps-linux-x86_64-20210416153011.tar.gz HTTP/1.1" 200 104
2024-05-09 13:24:13,339 INFO     ___FILE_ONLY___ ══════════════════════════════
2024-05-09 13:24:13,340 INFO     ___FILE_ONLY___ ══════════════════════════════
2024-05-09 13:24:13,340 INFO     ___FILE_ONLY___ ╝

2024-05-09 13:24:13,347 INFO     ___FILE_ONLY___ ╔════════════════════════════════════════════════════════════╗

2024-05-09 13:24:13,347 INFO     ___FILE_ONLY___ ╠═ Creating backup and activating new installation          ═╣

2024-05-09 13:24:13,348 INFO     ___FILE_ONLY___ ╚
2024-05-09 13:24:13,348 DEBUG    root            Attempting to move directory [/tools/google-cloud-sdk] to [/tools/google-cloud-sdk.staging/.install/.backup]
2024-05-09 13:24:13,348 INFO     ___FILE_ONLY___ ══════════════════════════════
2024-05-09 13:24:13,348 DEBUG    root            Attempting to move directory [/tools/google-cloud-sdk.staging] to [/tools/google-cloud-sdk]
2024-05-09 13:24:13,348 INFO     ___FILE_ONLY___ ══════════════════════════════
2024-05-09 13:24:13,348 INFO     ___FILE_ONLY___ ╝

2024-05-09 13:24:13,351 DEBUG    root            Updating notification cache...
2024-05-09 13:24:13,352 INFO     ___FILE_ONLY___ 

2024-05-09 13:24:13,354 INFO     ___FILE_ONLY___ Performing post processing steps...
2024-05-09 13:24:13,354 DEBUG    root            Executing command: ['/tools/google-cloud-sdk/bin/gcloud', 'components', 'post-process']
2024-05-09 13:24:23,053 DEBUG    ___FILE_ONLY___ 
2024-05-09 13:24:23,053 DEBUG    ___FILE_ONLY___ 
2024-05-09 13:24:23,118 INFO     ___FILE_ONLY___ 
Update done!


2024-05-09 13:24:23,121 DEBUG    root            Chosen display Format:none
2024-05-09 13:24:23,122 INFO     root            Display format: "none"
